--------------------------------------------------------------------------------
Translator Name    : Spatial InterOp Connect ( Version : 22 0 0)
System Name        : Linux
Machine Name       : vlx05.see.ed.ac.uk
User Name          :  Not Available 
Source System      : STEP
Destination System : ACIS
Input File         : /home/s1208454/FEMSS4/My_Stuff/Kick Ass Wheel Centre/Wheel Centre Blank.step
Start Time         : Fri Nov 11 14:27:46 2016

--------------------------------------------------------------------------------
Message : === Translation Options ===
Message : TranslateAllClass2SheetsInSingleBody : true
Message : Representation : BRep+Assembly
Message : Healing : true
Message : ===========================
-------------------------Source File Header Information-------------------------
Modification Date        : 2016-11-10T16:25:49
File Name                : Wheel Centre Blank.STEP
Author                   : ''
Organization             : ''
Source System            : SolidWorks 2016
Version                  : SwSTEP 2.0
Authorization            : 
File Description         : 'STEP AP203'
Implementation Level     : 1
File Schema Name         : 'CONFIG_CONTROL_DESIGN'
Document Type            : Part
Units                    : MILLIMETER
--------------------------------------------------------------------------------
--------------------------------------------------------------------------------
Source Document Preprocessing Result : Success
--------------------------------------------------------------------------------
--------------------------------------------------------------------------------
Target Document Preprocessing Result : Success
--------------------------------------------------------------------------------
--------------------------------------------------------------------------------
Start BRep
--------------------------------------------------------------------------------
--------------------------------------------------------------------------------
BRep Source Representation Preprocessing Result : Success
--------------------------------------------------------------------------------
--------------------------------------------------------------------------------
BRep Source Representation Postprocessing Result : Success
--------------------------------------------------------------------------------
--------------------------------------------------------------------------------
BRep Target Representation Postprocessing Result : Success
--------------------------------------------------------------------------------
--------------------------------------------------------------------------------
End BRep
------------------------Representation Conversion Summary-----------------------
No. of Acorn Bodies                       :    0
No. of Mixed Bodies                       :    0
No. of Solid Bodies                       :    1
No. of Wire Bodies                        :    0
No. of Free Surfaces                      :    0
No. of Free Curves                        :    0
No. of Sheet Bodies                       :    0
No. of Free Points                        :    0
--------------------------------------------------------------------------------
BRep Conversion Result : Success
--------------------------------------------------------------------------------
--------------------------------------------------------------------------------
Start DocumentFeature
--------------------------------------------------------------------------------
--------------------------------------------------------------------------------
DocumentFeature Source Representation Preprocessing Result : Method is not implemented
--------------------------------------------------------------------------------
--------------------------------------------------------------------------------
DocumentFeature Source Representation Postprocessing Result : Success
--------------------------------------------------------------------------------
--------------------------------------------------------------------------------
DocumentFeature Target Representation Postprocessing Result : Success
--------------------------------------------------------------------------------
--------------------------------------------------------------------------------
End DocumentFeature
------------------------Representation Conversion Summary-----------------------
No. of Selection Sets                     :    0
No. of Working Coordinate Systems         :    0
No. of Associative Groups                 :    0
No. of Layer Filters                      :    0
--------------------------------------------------------------------------------
DocumentFeature Conversion Result : No Entity to Translate
--------------------------------------------------------------------------------
--------------------------------------------------------------------------------
Start Assembly
--------------------------------------------------------------------------------
--------------------------------------------------------------------------------
Assembly Source Representation Preprocessing Result : Success
--------------------------------------------------------------------------------
--------------------------------------------------------------------------------
Assembly Source Representation Postprocessing Result : Success
--------------------------------------------------------------------------------
--------------------------------------------------------------------------------
Assembly Target Representation Postprocessing Result : Success
--------------------------------------------------------------------------------
--------------------------------------------------------------------------------
End Assembly
Assembly Conversion Result : No Entity to Translate
--------------------------------------------------------------------------------
--------------------------------------------------------------------------------
Target Document Postprocessing Result : Success
--------------------------------------------------------------------------------
--------------------------------------------------------------------------------
Target Document Postprocessing Result : Success
--------------------------------------------------------------------------------
--------------------------------------------------------------------------------
---------------------------Document Conversion Summary--------------------------
No. of Items of DocumentFeature Representation :    0
No. of Items of BRep Representation            :    1
--------------------------------------------------------------------------------
Finish Time : Fri Nov 11 14:27:47 2016

--------------------------------------------------------------------------------
Translation Result : Success
--------------------------------------------------------------------------------
--------------------------------------------------------------------------------
