0
1
0
Assembly-1
1
PART-1-1
PART-1
1
PART-1-1
55
1
2
3
4
5
101
102
103
104
105
201
202
203
204
205
301
302
303
304
305
401
402
403
404
405
501
502
503
504
505
601
602
603
604
605
701
702
703
704
705
801
802
803
804
805
901
902
903
904
905
1001
1002
1003
1004
1005
0
1
PART-1-1
40
1
2
3
4
5
6
7
8
9
10
11
12
13
14
15
16
17
18
19
20
21
22
23
24
25
26
27
28
29
30
31
32
33
34
35
36
37
38
39
40
0
0
1
PART-1-1
1
EALL
0
1
40
1 2 3 4 5 6 7 8 9 10 11 12 13 14 15 16 17 18 19 20 21 22 23 24 25 26 27 28 29 30 31 32 33 34 35 36 37 38 39 40 
0
0
0
0
1
PART-1-1
2
BASE
0
1
5
1 2 3 4 5 
0
0
TOP
0
1
5
1001 1002 1003 1004 1005 
0
0
0
0
0
